Hello
more
Hello
more

BlockOpened: powershell.exe -NoProfile -ExecutionPolicy ByPass -Command "invoke-command -scriptblock{S:\VMWare\test.ps1}"
Test

Name                           Port  User
----                           ----  ----
mappvck003                     443   management\crodemeyer
Getting VMs from mappvck003
Saving VMs from mappvck003

Name        : LCDNPIK005
NumCpu      : 8
MemoryMB    : 16384
UsedSpaceGB : 38.137232265435159206390380859
HostName    : mesxc03k109.management.local
OS          : Microsoft Windows Server 2008 R2 (64-Bit)


Name        : LCDNPIK008
NumCpu      : 8
MemoryMB    : 16384
UsedSpaceGB : 36.882510235533118247985839844
HostName    : mesxc03k118.management.local
OS          : Microsoft Windows Server 2008 R2 (64-Bit)


Name        : LCDNPIK007
NumCpu      : 8
MemoryMB    : 16384
UsedSpaceGB : 36.723343786783516407012939453
HostName    : mesxc03k106.management.local
OS          : Microsoft Windows Server 2008 R2 (64-Bit)


Name        : LCDNPIK006
NumCpu      : 8
MemoryMB    : 16384
UsedSpaceGB : 37.023269599303603172302246094
HostName    : mesxc03k117.management.local
OS          : Microsoft Windows Server 2008 R2 (64-Bit)


Name        : LCDNPIK001
NumCpu      : 8
MemoryMB    : 16384
UsedSpaceGB : 146.09685715846717357635498047
HostName    : mesxc03k102.management.local
OS          : Microsoft Windows Server 2008 R2 (64-Bit)


Name        : LCDNPIK002
NumCpu      : 8
MemoryMB    : 16384
UsedSpaceGB : 46.995556681416928768157958984
HostName    : mesxc03k103.management.local
OS          : Microsoft Windows Server 2008 R2 (64-Bit)


Name        : LCDNPIK003
NumCpu      : 8
MemoryMB    : 16384
UsedSpaceGB : 38.629082522355020046234130859
HostName    : mesxc03k112.management.local
OS          : Microsoft Windows Server 2008 R2 (64-Bit)


Name        : LCDNPIK004
NumCpu      : 8
MemoryMB    : 16384
UsedSpaceGB : 38.217732775956392288208007812
HostName    : mesxc03k105.management.local
OS          : Microsoft Windows Server 2008 R2 (64-Bit)


Name        : LCDNSCK001
NumCpu      : 2
MemoryMB    : 4096
UsedSpaceGB : 33.286472838371992111206054688
HostName    : mesxc04k116.management.local
OS          : Microsoft Windows Server 2008 R2 (64-Bit)


Name        : LCDNSCK002
NumCpu      : 2
MemoryMB    : 4096
UsedSpaceGB : 33.842761956155300140380859375
HostName    : mesxc04k121.management.local
OS          : Microsoft Windows Server 2008 R2 (64-Bit)


Name        : LCDNSCK003
NumCpu      : 2
MemoryMB    : 4096
UsedSpaceGB : 33.707175039686262607574462891
HostName    : mesxc04k120.management.local
OS          : Microsoft Windows Server 2008 R2 (64-Bit)


Name        : LCDNCPK001
NumCpu      : 8
MemoryMB    : 16384
UsedSpaceGB : 44.89214585721492767333984375
HostName    : mesxc04k112.management.local
OS          : Microsoft Windows Server 2008 R2 (64-Bit)


Name        : LCDNCPK002
NumCpu      : 8
MemoryMB    : 16384
UsedSpaceGB : 44.843674133531749248504638672
HostName    : mesxc04k121.management.local
OS          : Microsoft Windows Server 2008 R2 (64-Bit)


Name        : LCDNCPK003
NumCpu      : 8
MemoryMB    : 16384
UsedSpaceGB : 44.851301709190011024475097656
HostName    : mesxc04k116.management.local
OS          : Microsoft Windows Server 2008 R2 (64-Bit)


Name        : LCDNCPK004
NumCpu      : 8
MemoryMB    : 16384
UsedSpaceGB : 44.970539011992514133453369141
HostName    : mesxc04k121.management.local
OS          : Microsoft Windows Server 2008 R2 (64-Bit)




powershell finished with exit code 0
BlockClosed: powershell.exe -NoProfile -ExecutionPolicy ByPass -Command "invoke-command -scriptblock{S:\VMWare\test.ps1}"
